\BOOKMARK [0][-]{chapter.1}{Streszczenie}{}% 1
\BOOKMARK [0][-]{chapter.2}{Wstep}{}% 2
\BOOKMARK [1][-]{section.2.1}{Przetwarzanie obrazu i jego rola w automatyce przemys\233owej}{chapter.2}% 3
\BOOKMARK [1][-]{section.2.2}{Istotnosc szybkosci obliczen w problemach wizji maszynowej}{chapter.2}% 4
\BOOKMARK [1][-]{section.2.3}{Cel, zakres i zastosowania pracy}{chapter.2}% 5
\BOOKMARK [0][-]{chapter.3}{Metody r\363wnoleg\233ego przetwarzania danych}{}% 6
\BOOKMARK [1][-]{section.3.1}{Wsp\363\233bieznosc w ramach architektury CPU}{chapter.3}% 7
\BOOKMARK [1][-]{section.3.2}{Wielowatkowosc aplikacji dla jezyka C/C++}{chapter.3}% 8
\BOOKMARK [2][-]{subsection.3.2.1}{Biblioteka POSIX dla system\363w Unix}{section.3.2}% 9
\BOOKMARK [2][-]{subsection.3.2.2}{OpenMP - wieloplatformowe API}{section.3.2}% 10
\BOOKMARK [2][-]{subsection.3.2.3}{Wielowatkowosc w standardzie C++11}{section.3.2}% 11
\BOOKMARK [1][-]{section.3.3}{Programowanie r\363wnoleg\233e z wykorzystaniem GPU}{chapter.3}% 12
\BOOKMARK [2][-]{subsection.3.3.1}{Architektura GPU}{section.3.3}% 13
\BOOKMARK [2][-]{subsection.3.3.2}{Biblioteka OpenCL}{section.3.3}% 14
\BOOKMARK [0][-]{chapter.4}{Algorytm Viterbiego}{}% 15
\BOOKMARK [1][-]{section.4.1}{Opis dzia\233ania i zastosowania}{chapter.4}% 16
\BOOKMARK [1][-]{section.4.2}{Implementacja w jezyku C++}{chapter.4}% 17
\BOOKMARK [2][-]{subsection.4.2.1}{Wersja szeregowa}{section.4.2}% 18
\BOOKMARK [2][-]{subsection.4.2.2}{Wersja r\363wnoleg\233a - C++11}{section.4.2}% 19
\BOOKMARK [2][-]{subsection.4.2.3}{Wersja r\363wnoleg\233a - OpenCL}{section.4.2}% 20
\BOOKMARK [0][-]{chapter.5}{Wyniki badan doswiadczalnych implementacji algorytmu Viterbiego}{}% 21
\BOOKMARK [1][-]{section.5.1}{Por\363wnanie czasu dzia\233ania dla implementacji szeregowej, wielowatkowej oraz z wykorzystaniem biblioteki OpenCL}{chapter.5}% 22
\BOOKMARK [1][-]{section.5.2}{Por\363wnanie szybkosci algorytm\363w dla r\363znych konfiguracji sprzetowych}{chapter.5}% 23
\BOOKMARK [0][-]{chapter.6}{Wnioski koncowe}{}% 24
\BOOKMARK [0][-]{chapter.7}{Za\233acznik B}{}% 25
\BOOKMARK [0][-]{chapter.8}{Za\233acznik A}{}% 26
\BOOKMARK [0][-]{chapter*.2}{Spis rysunk\363w}{}% 27
\BOOKMARK [0][-]{chapter.9}{Bibliografia}{}% 28
